<?xml version="1.0" encoding="UTF-8"?>
<!-- Generated by org.testng.reporters.JUnitReportReporter -->
<testsuite skipped="0" hostname="gonyebuchi-IBTU" name="action.Login" tests="1" failures="0" timestamp="2020-06-09T21:58:53 WAT" time="30.577" errors="0">
  <testcase name="logintest" time="30.577" classname="action.Login"/>
</testsuite> <!-- action.Login -->
